<?xml version="1.0" encoding="UTF-8"?>
<testsuite xmlns:xsi="http://www.w3.org/2001/XMLSchema-instance" xsi:noNamespaceSchemaLocation="https://maven.apache.org/surefire/maven-surefire-plugin/xsd/surefire-test-report-3.0.xsd" version="3.0" name="controllers.UserControllerTest" time="1.252" tests="6" errors="0" skipped="0" failures="0">
  <properties>
[...]
</properties>
  <testcase name="testAddCreditToUserWithInvalidCreditRange" classname="controllers.UserControllerTest" time="0.05">
    <system-out><![CDATA[11:10:32.169 [main] DEBUG org.springframework.boot.test.context.SpringBootTestContextBootstrapper -- Neither @ContextConfiguration nor @ContextHierarchy found for test class [UserControllerTest]: using SpringBootContextLoader
11:10:32.170 [main] DEBUG org.springframework.test.context.support.AbstractContextLoader -- Could not detect default resource locations for test class [controllers.UserControllerTest]: no resource found for suffixes {-context.xml, Context.groovy}.
11:10:32.185 [main] DEBUG org.springframework.boot.test.context.SpringBootTestContextBootstrapper -- Using ContextCustomizers for test class [UserControllerTest]: [ImportsContextCustomizer, ExcludeFilterContextCustomizer, DuplicateJsonObjectContextCustomizer, MockitoContextCustomizer, TestRestTemplateContextCustomizer, DisableObservabilityContextCustomizer, PropertyMappingContextCustomizer, Customizer]
11:10:32.221 [main] DEBUG org.springframework.test.context.util.TestContextSpringFactoriesUtils -- Skipping candidate TestExecutionListener [org.springframework.test.context.transaction.TransactionalTestExecutionListener] due to a missing dependency. Specify custom TestExecutionListener classes or make the default TestExecutionListener classes and their required dependencies available. Offending class: [org/springframework/transaction/interceptor/TransactionAttributeSource]
11:10:32.221 [main] DEBUG org.springframework.test.context.util.TestContextSpringFactoriesUtils -- Skipping candidate TestExecutionListener [org.springframework.test.context.jdbc.SqlScriptsTestExecutionListener] due to a missing dependency. Specify custom TestExecutionListener classes or make the default TestExecutionListener classes and their required dependencies available. Offending class: [org/springframework/transaction/interceptor/TransactionAttribute]
11:10:32.222 [main] DEBUG org.springframework.boot.test.context.SpringBootTestContextBootstrapper -- Using TestExecutionListeners for test class [UserControllerTest]: [ServletTestExecutionListener, DirtiesContextBeforeModesTestExecutionListener, ApplicationEventsTestExecutionListener, MockitoTestExecutionListener, DependencyInjectionTestExecutionListener, DirtiesContextTestExecutionListener, EventPublishingTestExecutionListener, ResetMocksTestExecutionListener, RestDocsTestExecutionListener, MockRestServiceServerResetTestExecutionListener, MockMvcPrintOnlyOnFailureTestExecutionListener, WebDriverTestExecutionListener, MockWebServiceServerTestExecutionListener]
11:10:32.222 [main] DEBUG org.springframework.test.context.support.AbstractDirtiesContextTestExecutionListener -- Before test class: class [UserControllerTest], class annotated with @DirtiesContext [false] with mode [null]

  .   ____          _            __ _ _
 /\\ / ___'_ __ _ _(_)_ __  __ _ \ \ \ \
( ( )\___ | '_ | '_| | '_ \/ _` | \ \ \ \
 \\/  ___)| |_)| | | | | || (_| |  ) ) ) )
  '  |____| .__|_| |_|_| |_\__, | / / / /
 =========|_|==============|___/=/_/_/_/
 :: Spring Boot ::                (v3.0.6)

2023-12-12T11:10:32.332+03:30  INFO 3875 --- [           main] controllers.UserControllerTest           : Starting UserControllerTest using Java 21.0.1 with PID 3875 (started by shayan in /Users/shayan/Desktop/Uni/ST/Fall-02/CA1/TS_CA1)
2023-12-12T11:10:32.332+03:30  INFO 3875 --- [           main] controllers.UserControllerTest           : No active profile set, falling back to 1 default profile: "default"
2023-12-12T11:10:33.155+03:30  INFO 3875 --- [           main] o.s.b.t.m.w.SpringBootMockServletContext : Initializing Spring TestDispatcherServlet ''
2023-12-12T11:10:33.155+03:30  INFO 3875 --- [           main] o.s.t.web.servlet.TestDispatcherServlet  : Initializing Servlet ''
2023-12-12T11:10:33.159+03:30  INFO 3875 --- [           main] o.s.b.a.e.web.EndpointLinksResolver      : Exposing 1 endpoint(s) beneath base path '/actuator'
2023-12-12T11:10:33.163+03:30  INFO 3875 --- [           main] o.s.t.web.servlet.TestDispatcherServlet  : Completed initialization in 7 ms
2023-12-12T11:10:33.188+03:30  INFO 3875 --- [           main] controllers.UserControllerTest           : Started UserControllerTest in 0.953 seconds (process running for 1.493)
]]></system-out>
  </testcase>
  <testcase name="testAddCreditToUserWithInvalidCreditNumber" classname="controllers.UserControllerTest" time="0.003"/>
  <testcase name="testGetUserByIdNotFound" classname="controllers.UserControllerTest" time="0.007"/>
  <testcase name="testAddCreditToUserWithInvalidUserId" classname="controllers.UserControllerTest" time="0.003"/>
  <testcase name="testAddCreditToUserSuccessfully" classname="controllers.UserControllerTest" time="0.003"/>
  <testcase name="testGetUserByIdSuccessfully" classname="controllers.UserControllerTest" time="0.021"/>
</testsuite>